<?xml version="1.0" encoding="UTF-8"?>
<testng-results ignored="0" total="1" passed="1" failed="0" skipped="0">
  <reporter-output>
  </reporter-output>
  <suite started-at="2023-01-06T14:50:56 IST" name="Default suite" finished-at="2023-01-06T14:51:09 IST" duration-ms="13641">
    <groups>
    </groups>
    <test started-at="2023-01-06T14:50:56 IST" name="Default test" finished-at="2023-01-06T14:51:09 IST" duration-ms="13641">
      <class name="TestClasses.LawsuiteTestCase">
        <test-method is-config="true" signature="init()[pri:0, instance:TestClasses.LawsuiteTestCase@4fb61f4a]" started-at="2023-01-06T14:50:56 IST" name="init" finished-at="2023-01-06T14:51:04 IST" duration-ms="8258" status="PASS">
          <reporter-output>
          </reporter-output>
        </test-method> <!-- init -->
        <test-method signature="verifyText()[pri:0, instance:TestClasses.LawsuiteTestCase@4fb61f4a]" started-at="2023-01-06T14:51:04 IST" name="verifyText" finished-at="2023-01-06T14:51:04 IST" duration-ms="198" status="PASS">
          <reporter-output>
          </reporter-output>
        </test-method> <!-- verifyText -->
        <test-method is-config="true" signature="teardown()[pri:0, instance:TestClasses.LawsuiteTestCase@4fb61f4a]" started-at="2023-01-06T14:51:04 IST" name="teardown" finished-at="2023-01-06T14:51:09 IST" duration-ms="5143" status="PASS">
          <reporter-output>
          </reporter-output>
        </test-method> <!-- teardown -->
      </class> <!-- TestClasses.LawsuiteTestCase -->
    </test> <!-- Default test -->
  </suite> <!-- Default suite -->
</testng-results>
